grub_multiboot_load multiboot
grub_multiboot_free_mbi multiboot
grub_get_multiboot_mmap_count multiboot
grub_multiboot_payload_orig multiboot
grub_multiboot_set_video_mode multiboot
grub_multiboot_init multiboot
grub_multiboot_make_mbi multiboot
grub_multiboot_alloc_mbi multiboot
modules multiboot
grub_multiboot_load_elf multiboot
grub_multiboot_init_mbi multiboot
grub_multiboot_set_console multiboot
grub_multiboot_pure_size multiboot
modules_last multiboot
grub_multiboot_payload_dest multiboot
grub_multiboot_set_bootdev multiboot
grub_multiboot_get_mbi_size multiboot
grub_multiboot_payload_eip multiboot
grub_multiboot_add_module multiboot
grub_multiboot_fini multiboot
