grub_multiboot_load multiboot2
grub_multiboot_free_mbi multiboot2
grub_get_multiboot_mmap_count multiboot2
grub_multiboot_payload_orig multiboot2
grub_multiboot_set_video_mode multiboot2
grub_multiboot_init multiboot2
grub_multiboot_make_mbi multiboot2
grub_multiboot_alloc_mbi multiboot2
modules multiboot2
grub_multiboot_load_elf multiboot2
grub_multiboot_init_mbi multiboot2
grub_multiboot_set_console multiboot2
grub_multiboot_pure_size multiboot2
modules_last multiboot2
grub_multiboot_payload_dest multiboot2
grub_multiboot_set_bootdev multiboot2
grub_multiboot_get_mbi_size multiboot2
grub_multiboot_payload_eip multiboot2
grub_multiboot_add_module multiboot2
grub_multiboot_fini multiboot2
