video_cirrus
grub_video_fb_map_rgba
grub_video_fb_fini
grub_video_get_blit_format
grub_video_fb_unmap_color
grub_video_fb_map_rgb
grub_video_fb_scroll
grub_video_fb_fill_rect
grub_memmove
grub_video_fb_blit_bitmap
grub_video_fb_get_viewport
grub_video_fb_swap_buffers
grub_memset
grub_video_adapter_list
grub_video_fb_get_palette
grub_video_fb_set_palette
grub_video_fb_map_color
grub_pci_make_address
grub_video_fb_init
grub_video_fb_get_info_and_fini
grub_video_fb_set_active_render_target
grub_video_fb_delete_render_target
grub_error
grub_list_remove
grub_pci_iterate
grub_video_fbstd_colors
grub_video_fb_get_active_render_target
grub_video_fb_set_viewport
grub_video_fb_get_info
grub_video_fb_setup
grub_video_fb_blit_render_target
grub_video_fb_create_render_target
