vga
grub_video_fb_map_rgba
grub_video_fb_fini
grub_video_get_blit_format
grub_video_fb_create_render_target_from_pointer
grub_vga_set_mode
grub_video_fb_unmap_color
grub_video_fb_map_rgb
grub_video_fb_scroll
grub_video_fb_fill_rect
grub_memmove
grub_video_fb_blit_bitmap
grub_video_fb_get_viewport
grub_errno
grub_video_adapter_list
grub_video_fb_get_palette
grub_video_fb_set_palette
grub_video_fb_map_color
grub_malloc
grub_real_dprintf
grub_video_fb_set_active_render_target
grub_video_fb_delete_render_target
grub_error
grub_list_remove
grub_free
grub_video_fbstd_colors
grub_video_fb_get_active_render_target
grub_video_fb_set_viewport
grub_video_fb_get_info
grub_video_fb_blit_render_target
grub_video_fb_create_render_target
